<?xml version="1.0" encoding="UTF-8"?>
<testng-results skipped="0" failed="0" ignored="0" total="2" passed="2">
  <reporter-output>
  </reporter-output>
  <suite name="Default suite" duration-ms="4923" started-at="2020-12-18T21:42:16 PKT" finished-at="2020-12-18T21:42:21 PKT">
    <groups>
    </groups>
    <test name="Default test" duration-ms="4923" started-at="2020-12-18T21:42:16 PKT" finished-at="2020-12-18T21:42:21 PKT">
      <class name="Test_GET">
        <test-method status="PASS" signature="test_01()[pri:0, instance:Test_GET@65d6b83b]" name="test_01" duration-ms="2895" started-at="2020-12-18T21:42:16 PKT" finished-at="2020-12-18T21:42:19 PKT">
          <reporter-output>
          </reporter-output>
        </test-method> <!-- test_01 -->
        <test-method status="PASS" signature="test_02()[pri:0, instance:Test_GET@65d6b83b]" name="test_02" duration-ms="1973" started-at="2020-12-18T21:42:19 PKT" finished-at="2020-12-18T21:42:21 PKT">
          <reporter-output>
          </reporter-output>
        </test-method> <!-- test_02 -->
      </class> <!-- Test_GET -->
    </test> <!-- Default test -->
  </suite> <!-- Default suite -->
</testng-results>
